Using pre-set license
Built from '2020.2/release' branch; Version is '2020.2.1f1 (270dd8c3da1c) revision 2559448'; Using compiler version '192528614'; Build Type 'Release'
OS: 'Windows 10  (10.0.0) 64bit' Language: 'en' Physical Memory: 16314 MB
BatchMode: 1, IsHumanControllingUs: 0, StartBugReporterOnCrash: 0, Is64bit: 1, IsPro: 0

 COMMAND LINE ARGUMENTS:
C:\Program Files\Unity\Hub\Editor\2020.2.1f1\Editor\Unity.exe
-adb2
-batchMode
-noUpm
-name
AssetImportWorker0
-projectPath
C:/Users/storm/OneDrive/Bureau/School/Concordia University/Term 4/GAME/CART315-FinalProject
-logFile
Logs/AssetImportWorker0.log
-srvPort
51344
Successfully changed project path to: C:/Users/storm/OneDrive/Bureau/School/Concordia University/Term 4/GAME/CART315-FinalProject
C:/Users/storm/OneDrive/Bureau/School/Concordia University/Term 4/GAME/CART315-FinalProject
Using Asset Import Pipeline V2.
Refreshing native plugins compatible for Editor in 20.66 ms, found 0 plugins.
Preloading 0 native plugins for Editor in 0.00 ms.
Initialize engine version: 2020.2.1f1 (270dd8c3da1c)
[Subsystems] Discovering subsystems at path C:/Program Files/Unity/Hub/Editor/2020.2.1f1/Editor/Data/Resources/UnitySubsystems
[Subsystems] Discovering subsystems at path C:/Users/storm/OneDrive/Bureau/School/Concordia University/Term 4/GAME/CART315-FinalProject/Assets
GfxDevice: creating device client; threaded=0
Direct3D:
    Version:  Direct3D 11.0 [level 11.1]
    Renderer: NVIDIA GeForce RTX 2070 SUPER (ID=0x1e84)
    Vendor:   
    VRAM:     8011 MB
    Driver:   27.21.14.6140
Initialize mono
Mono path[0] = 'C:/Program Files/Unity/Hub/Editor/2020.2.1f1/Editor/Data/Managed'
Mono path[1] = 'C:/Program Files/Unity/Hub/Editor/2020.2.1f1/Editor/Data/MonoBleedingEdge/lib/mono/unityjit'
Mono config path = 'C:/Program Files/Unity/Hub/Editor/2020.2.1f1/Editor/Data/MonoBleedingEdge/etc'
Using monoOptions --debugger-agent=transport=dt_socket,embedding=1,server=y,suspend=n,address=127.0.0.1:56068
Begin MonoManager ReloadAssembly
Registering precompiled unity dll's ...
Register platform support module: C:/Program Files/Unity/Hub/Editor/2020.2.1f1/Editor/Data/PlaybackEngines/WindowsStandaloneSupport/UnityEditor.WindowsStandalone.Extensions.dll
Registered in 0.001517 seconds.
Native extension for WindowsStandalone target not found
Refreshing native plugins compatible for Editor in 20.58 ms, found 0 plugins.
Preloading 0 native plugins for Editor in 0.00 ms.
Invoked RoslynAnalysisRunner static constructor.
RoslynAnalysisRunner will not be running.
RoslynAnalysisRunner has terminated.
Mono: successfully reloaded assembly
- Completed reload, in  0.831 seconds
Platform modules already initialized, skipping
Registering precompiled user dll's ...
Registered in 0.000488 seconds.
Begin MonoManager ReloadAssembly
Native extension for WindowsStandalone target not found
Refreshing native plugins compatible for Editor in 0.22 ms, found 0 plugins.
Preloading 0 native plugins for Editor in 0.00 ms.
Invoked RoslynAnalysisRunner static constructor.
RoslynAnalysisRunner will not be running.
RoslynAnalysisRunner has terminated.
Mono: successfully reloaded assembly
- Completed reload, in  0.650 seconds
Platform modules already initialized, skipping
========================================================================
Worker process is ready to serve import requests
Launched and connected shader compiler UnityShaderCompiler.exe after 0.03 seconds
Refreshing native plugins compatible for Editor in 0.21 ms, found 0 plugins.
Preloading 0 native plugins for Editor in 0.00 ms.
Unloading 1099 Unused Serialized files (Serialized files now loaded: 0)
System memory in use before: 57.7 MB.
System memory in use after: 57.8 MB.

Unloading 10 unused Assets to reduce memory usage. Loaded Objects now: 1541.
Total: 1.521100 ms (FindLiveObjects: 0.126400 ms CreateObjectMapping: 0.028600 ms MarkObjects: 1.311900 ms  DeleteObjects: 0.053300 ms)

========================================================================
Received Import Request.
  path: Assets/Resources/Materials/Unmovable.mat
  artifactKey: Guid(d0db18fe17aab6b47b2110e5263571a4) Importer(815301076,1909f56bfc062723c751e8b465ee728b)
Start importing Assets/Resources/Materials/Unmovable.mat using Guid(d0db18fe17aab6b47b2110e5263571a4) Importer(815301076,1909f56bfc062723c751e8b465ee728b)  -> (artifact id: '4b2edaf315b5f2461937321b39424940') in 0.094935 seconds
  Import took 0.096732 seconds .

========================================================================
Received Prepare
Registering precompiled user dll's ...
Registered in 0.000487 seconds.
Begin MonoManager ReloadAssembly
Native extension for WindowsStandalone target not found
Refreshing native plugins compatible for Editor in 0.29 ms, found 0 plugins.
Preloading 0 native plugins for Editor in 0.00 ms.
Invoked RoslynAnalysisRunner static constructor.
RoslynAnalysisRunner will not be running.
RoslynAnalysisRunner has terminated.
Mono: successfully reloaded assembly
- Completed reload, in  0.615 seconds
Platform modules already initialized, skipping
Refreshing native plugins compatible for Editor in 0.22 ms, found 0 plugins.
Preloading 0 native plugins for Editor in 0.00 ms.
Unloading 1094 Unused Serialized files (Serialized files now loaded: 0)
System memory in use before: 61.4 MB.
System memory in use after: 61.5 MB.

Unloading 5 unused Assets to reduce memory usage. Loaded Objects now: 1583.
Total: 1.437000 ms (FindLiveObjects: 0.142100 ms CreateObjectMapping: 0.029800 ms MarkObjects: 1.219800 ms  DeleteObjects: 0.044500 ms)

========================================================================
Received Import Request.
  Time since last request: 142.047080 seconds.
  path: Assets/Resources/Prefabs/LightCube (8).prefab
  artifactKey: Guid(df73b69d0c479fb44b979f0379437de2) Importer(815301076,1909f56bfc062723c751e8b465ee728b)
Start importing Assets/Resources/Prefabs/LightCube (8).prefab using Guid(df73b69d0c479fb44b979f0379437de2) Importer(815301076,1909f56bfc062723c751e8b465ee728b)  -> (artifact id: '1a7293dc9018e41296f6b5b9c37119eb') in 0.055400 seconds
  Import took 0.057448 seconds .

========================================================================
Received Import Request.
  Time since last request: 11.636817 seconds.
  path: Assets/Resources/Prefabs/UnmovableCube.prefab
  artifactKey: Guid(df73b69d0c479fb44b979f0379437de2) Importer(815301076,1909f56bfc062723c751e8b465ee728b)
Start importing Assets/Resources/Prefabs/UnmovableCube.prefab using Guid(df73b69d0c479fb44b979f0379437de2) Importer(815301076,1909f56bfc062723c751e8b465ee728b)  -> (artifact id: '4d2f2bcc6775708cbc6aed0b4489af17') in 0.026140 seconds
  Import took 0.028079 seconds .

========================================================================
Received Import Request.
  Time since last request: 0.013775 seconds.
  path: Assets/Resources/Prefabs/UnmovableCube.prefab
  artifactKey: Guid(df73b69d0c479fb44b979f0379437de2) Importer(815301076,1909f56bfc062723c751e8b465ee728b)
Start importing Assets/Resources/Prefabs/UnmovableCube.prefab using Guid(df73b69d0c479fb44b979f0379437de2) Importer(815301076,1909f56bfc062723c751e8b465ee728b)  -> (artifact id: '4d2f2bcc6775708cbc6aed0b4489af17') in 0.009500 seconds
  Import took 0.011403 seconds .

========================================================================
Received Import Request.
  Time since last request: 6.582028 seconds.
  path: Assets/Resources/Bowling Kegel & Ball/Prefabs/Ball.prefab
  artifactKey: Guid(ac1af96fd5e0f4f9e97339b652aa389b) Importer(815301076,1909f56bfc062723c751e8b465ee728b)
Start importing Assets/Resources/Bowling Kegel & Ball/Prefabs/Ball.prefab using Guid(ac1af96fd5e0f4f9e97339b652aa389b) Importer(815301076,1909f56bfc062723c751e8b465ee728b)  -> (artifact id: '0721b2adcb223506e318d58882232c18') in 0.037440 seconds
  Import took 0.039413 seconds .

========================================================================
Received Import Request.
  Time since last request: 0.000163 seconds.
  path: Assets/Resources/Bowling Kegel & Ball/Prefabs/Kegel.prefab
  artifactKey: Guid(4246925f0393c430189bb4ceba36dc8a) Importer(815301076,1909f56bfc062723c751e8b465ee728b)
Start importing Assets/Resources/Bowling Kegel & Ball/Prefabs/Kegel.prefab using Guid(4246925f0393c430189bb4ceba36dc8a) Importer(815301076,1909f56bfc062723c751e8b465ee728b)  -> (artifact id: '9f7bca8e0685851270dc3f3628b2a878') in 0.017535 seconds
  Import took 0.019220 seconds .

========================================================================
Received Import Request.
  Time since last request: 0.953843 seconds.
  path: Assets/Resources/Bowling Kegel & Ball/Resources/Geometry/Kegel&ball.fbx
  artifactKey: Guid(6a14dc0db365944f182482aba11ad830) Importer(815301076,1909f56bfc062723c751e8b465ee728b)
Start importing Assets/Resources/Bowling Kegel & Ball/Resources/Geometry/Kegel&ball.fbx using Guid(6a14dc0db365944f182482aba11ad830) Importer(815301076,1909f56bfc062723c751e8b465ee728b)  -> (artifact id: '29ccfd6a01f38b47ebd560d9df38add4') in 0.110049 seconds
  Import took 0.111985 seconds .

========================================================================
Received Import Request.
  Time since last request: 0.329854 seconds.
  path: Assets/Resources/Bowling Kegel & Ball/Resources/Materials/Ball.mat
  artifactKey: Guid(fb5add3c4763c4bbaabc2af4aebe8967) Importer(815301076,1909f56bfc062723c751e8b465ee728b)
Start importing Assets/Resources/Bowling Kegel & Ball/Resources/Materials/Ball.mat using Guid(fb5add3c4763c4bbaabc2af4aebe8967) Importer(815301076,1909f56bfc062723c751e8b465ee728b)  -> (artifact id: 'cbd1d8b681b80fdc52f47d19bb541c7e') in 0.025240 seconds
  Import took 0.027184 seconds .

========================================================================
Received Import Request.
  Time since last request: 0.000156 seconds.
  path: Assets/Resources/Bowling Kegel & Ball/Resources/Materials/Floor.mat
  artifactKey: Guid(4086ba60a7f1045ca8d0935912bbecfe) Importer(815301076,1909f56bfc062723c751e8b465ee728b)
Start importing Assets/Resources/Bowling Kegel & Ball/Resources/Materials/Floor.mat using Guid(4086ba60a7f1045ca8d0935912bbecfe) Importer(815301076,1909f56bfc062723c751e8b465ee728b)  -> (artifact id: 'f62393dad4ab364793bd259e4a853196') in 0.013758 seconds
  Import took 0.015376 seconds .

========================================================================
Received Import Request.
  Time since last request: 0.000195 seconds.
  path: Assets/Resources/Bowling Kegel & Ball/Resources/Materials/Kegel.mat
  artifactKey: Guid(89ba2babb6d7140db92ff783f8da045e) Importer(815301076,1909f56bfc062723c751e8b465ee728b)
Start importing Assets/Resources/Bowling Kegel & Ball/Resources/Materials/Kegel.mat using Guid(89ba2babb6d7140db92ff783f8da045e) Importer(815301076,1909f56bfc062723c751e8b465ee728b)  -> (artifact id: '36892e422ac071964398f59f4dd11681') in 0.021307 seconds
  Import took 0.022938 seconds .

========================================================================
Received Prepare
Registering precompiled user dll's ...
Registered in 0.000510 seconds.
Begin MonoManager ReloadAssembly
Native extension for WindowsStandalone target not found
Refreshing native plugins compatible for Editor in 0.22 ms, found 0 plugins.
Preloading 0 native plugins for Editor in 0.00 ms.
Invoked RoslynAnalysisRunner static constructor.
RoslynAnalysisRunner will not be running.
RoslynAnalysisRunner has terminated.
Mono: successfully reloaded assembly
- Completed reload, in  0.590 seconds
Platform modules already initialized, skipping
Refreshing native plugins compatible for Editor in 0.23 ms, found 0 plugins.
Preloading 0 native plugins for Editor in 0.00 ms.
Unloading 1094 Unused Serialized files (Serialized files now loaded: 0)
System memory in use before: 62.4 MB.
System memory in use after: 62.4 MB.

Unloading 6 unused Assets to reduce memory usage. Loaded Objects now: 1590.
Total: 1.471400 ms (FindLiveObjects: 0.157800 ms CreateObjectMapping: 0.028800 ms MarkObjects: 1.245000 ms  DeleteObjects: 0.038300 ms)

========================================================================
Received Import Request.
  Time since last request: 35.267420 seconds.
  path: Assets/Resources/Materials/Unmovable.mat
  artifactKey: Guid(d0db18fe17aab6b47b2110e5263571a4) Importer(815301076,1909f56bfc062723c751e8b465ee728b)
Start importing Assets/Resources/Materials/Unmovable.mat using Guid(d0db18fe17aab6b47b2110e5263571a4) Importer(815301076,1909f56bfc062723c751e8b465ee728b)  -> (artifact id: '40506cdb3ac4411cb7404ef230899ec4') in 0.054894 seconds
  Import took 0.057108 seconds .

========================================================================
Received Import Request.
  Time since last request: 385.585799 seconds.
  path: Assets/Resources/Prefabs/UnmovableCube.prefab
  artifactKey: Guid(df73b69d0c479fb44b979f0379437de2) Importer(815301076,1909f56bfc062723c751e8b465ee728b)
Start importing Assets/Resources/Prefabs/UnmovableCube.prefab using Guid(df73b69d0c479fb44b979f0379437de2) Importer(815301076,1909f56bfc062723c751e8b465ee728b)  -> (artifact id: '5503c11bc9279485353209e34edaae64') in 0.018868 seconds
  Import took 0.020871 seconds .

========================================================================
Received Import Request.
  Time since last request: 39.380840 seconds.
  path: Assets/Resources/Prefabs/Pin (8).prefab
  artifactKey: Guid(d1e380c65993e0644b4c209a8a90695e) Importer(815301076,1909f56bfc062723c751e8b465ee728b)
Start importing Assets/Resources/Prefabs/Pin (8).prefab using Guid(d1e380c65993e0644b4c209a8a90695e) Importer(815301076,1909f56bfc062723c751e8b465ee728b)  -> (artifact id: '41239afd42a6b418658808855d96a0c3') in 0.044997 seconds
  Import took 0.046973 seconds .

========================================================================
Received Import Request.
  Time since last request: 0.006091 seconds.
  path: Assets/Resources/Prefabs/Pin (8).prefab
  artifactKey: Guid(d1e380c65993e0644b4c209a8a90695e) Importer(815301076,1909f56bfc062723c751e8b465ee728b)
Start importing Assets/Resources/Prefabs/Pin (8).prefab using Guid(d1e380c65993e0644b4c209a8a90695e) Importer(815301076,1909f56bfc062723c751e8b465ee728b)  -> (artifact id: '41239afd42a6b418658808855d96a0c3') in 0.008240 seconds
  Import took 0.009896 seconds .

========================================================================
Received Import Request.
  Time since last request: 9.247391 seconds.
  path: Assets/Resources/Prefabs/AntiPin.prefab
  artifactKey: Guid(d1e380c65993e0644b4c209a8a90695e) Importer(815301076,1909f56bfc062723c751e8b465ee728b)
Start importing Assets/Resources/Prefabs/AntiPin.prefab using Guid(d1e380c65993e0644b4c209a8a90695e) Importer(815301076,1909f56bfc062723c751e8b465ee728b)  -> (artifact id: '6271e43a477a9a3481f71cc687178ca4') in 0.038950 seconds
  Import took 0.041163 seconds .

========================================================================
Received Import Request.
  Time since last request: 0.001649 seconds.
  path: Assets/Resources/Prefabs/AntiPin.prefab
  artifactKey: Guid(d1e380c65993e0644b4c209a8a90695e) Importer(815301076,1909f56bfc062723c751e8b465ee728b)
Start importing Assets/Resources/Prefabs/AntiPin.prefab using Guid(d1e380c65993e0644b4c209a8a90695e) Importer(815301076,1909f56bfc062723c751e8b465ee728b)  -> (artifact id: '6271e43a477a9a3481f71cc687178ca4') in 0.013774 seconds
  Import took 0.015625 seconds .

========================================================================
Received Import Request.
  Time since last request: 16.071517 seconds.
  path: Assets/Resources/Prefabs/AntiPin.mat
  artifactKey: Guid(9107401102952254cad232222375791a) Importer(815301076,1909f56bfc062723c751e8b465ee728b)
Start importing Assets/Resources/Prefabs/AntiPin.mat using Guid(9107401102952254cad232222375791a) Importer(815301076,1909f56bfc062723c751e8b465ee728b)  -> (artifact id: '2f3950c859f5efa95c769d92dbc76bb2') in 0.007643 seconds
  Import took 0.009503 seconds .

========================================================================
Received Import Request.
  Time since last request: 55.673664 seconds.
  path: Assets/Resources/Prefabs/AntiPin.mat
  artifactKey: Guid(9107401102952254cad232222375791a) Importer(815301076,1909f56bfc062723c751e8b465ee728b)
Start importing Assets/Resources/Prefabs/AntiPin.mat using Guid(9107401102952254cad232222375791a) Importer(815301076,1909f56bfc062723c751e8b465ee728b)  -> (artifact id: 'ffbf5663b5a4a96470c070ae8ca1ea5f') in 0.015352 seconds
  Import took 0.017237 seconds .

========================================================================
Received Import Request.
  Time since last request: 78.606700 seconds.
  path: Assets/New Material.mat
  artifactKey: Guid(12fe0955243068c40baf2b769a4d538c) Importer(815301076,1909f56bfc062723c751e8b465ee728b)
Start importing Assets/New Material.mat using Guid(12fe0955243068c40baf2b769a4d538c) Importer(815301076,1909f56bfc062723c751e8b465ee728b)  -> (artifact id: '7a0816df16654823208d8f927e29ab91') in 0.011712 seconds
  Import took 0.013650 seconds .

========================================================================
Received Import Request.
  Time since last request: 138.354459 seconds.
  path: Assets/Resources/Prefabs/heavyBall 1.prefab
  artifactKey: Guid(e7e05d1e74d7e034488b031900f8b504) Importer(815301076,1909f56bfc062723c751e8b465ee728b)
Start importing Assets/Resources/Prefabs/heavyBall 1.prefab using Guid(e7e05d1e74d7e034488b031900f8b504) Importer(815301076,1909f56bfc062723c751e8b465ee728b)  -> (artifact id: 'e49a1d8bcb217e03fdc167675a033a2e') in 0.037999 seconds
  Import took 0.039931 seconds .

========================================================================
Received Import Request.
  Time since last request: 0.002037 seconds.
  path: Assets/Resources/Prefabs/heavyBall 1.prefab
  artifactKey: Guid(e7e05d1e74d7e034488b031900f8b504) Importer(815301076,1909f56bfc062723c751e8b465ee728b)
Start importing Assets/Resources/Prefabs/heavyBall 1.prefab using Guid(e7e05d1e74d7e034488b031900f8b504) Importer(815301076,1909f56bfc062723c751e8b465ee728b)  -> (artifact id: 'e49a1d8bcb217e03fdc167675a033a2e') in 0.008823 seconds
  Import took 0.010493 seconds .

========================================================================
Received Import Request.
  Time since last request: 2.794933 seconds.
  path: Assets/Resources/Prefabs/Bullet.prefab
  artifactKey: Guid(e7e05d1e74d7e034488b031900f8b504) Importer(815301076,1909f56bfc062723c751e8b465ee728b)
Start importing Assets/Resources/Prefabs/Bullet.prefab using Guid(e7e05d1e74d7e034488b031900f8b504) Importer(815301076,1909f56bfc062723c751e8b465ee728b)  -> (artifact id: '5a91ae0b257a7c7dcdd28cb8b2138a6c') in 0.011387 seconds
  Import took 0.013302 seconds .

========================================================================
Received Prepare
Registering precompiled user dll's ...
Registered in 0.000538 seconds.
Begin MonoManager ReloadAssembly
Native extension for WindowsStandalone target not found
Refreshing native plugins compatible for Editor in 0.23 ms, found 0 plugins.
Preloading 0 native plugins for Editor in 0.00 ms.
Invoked RoslynAnalysisRunner static constructor.
RoslynAnalysisRunner will not be running.
RoslynAnalysisRunner has terminated.
Mono: successfully reloaded assembly
- Completed reload, in  0.619 seconds
Platform modules already initialized, skipping
Refreshing native plugins compatible for Editor in 0.25 ms, found 0 plugins.
Preloading 0 native plugins for Editor in 0.00 ms.
Unloading 1094 Unused Serialized files (Serialized files now loaded: 0)
System memory in use before: 62.7 MB.
System memory in use after: 62.8 MB.

Unloading 5 unused Assets to reduce memory usage. Loaded Objects now: 1593.
Total: 1.949700 ms (FindLiveObjects: 0.198600 ms CreateObjectMapping: 0.038100 ms MarkObjects: 1.664100 ms  DeleteObjects: 0.047800 ms)

AssetImportWorkerClient::OnTransportError - code=2 error=End of file
